Traceback (most recent call last):
  File "/home/eligran12/anaconda3/envs/Ingenieria/lib/python3.11/site-packages/jupyter_cache/executors/utils.py", line 58, in single_nb_execution
    executenb(
  File "/home/eligran12/anaconda3/envs/Ingenieria/lib/python3.11/site-packages/nbclient/client.py", line 1305, in execute
    return NotebookClient(nb=nb, resources=resources, km=km, **kwargs).execute()
           ^^^^^^^^^^^^^^^^^^^^^^^^^^^^^^^^^^^^^^^^^^^^^^^^^^^^^^^^^^^^^^^^^^^^^
  File "/home/eligran12/anaconda3/envs/Ingenieria/lib/python3.11/site-packages/jupyter_core/utils/__init__.py", line 166, in wrapped
    return loop.run_until_complete(inner)
           ^^^^^^^^^^^^^^^^^^^^^^^^^^^^^^
  File "/home/eligran12/anaconda3/envs/Ingenieria/lib/python3.11/asyncio/base_events.py", line 653, in run_until_complete
    return future.result()
           ^^^^^^^^^^^^^^^
  File "/home/eligran12/anaconda3/envs/Ingenieria/lib/python3.11/site-packages/nbclient/client.py", line 705, in async_execute
    await self.async_execute_cell(
  File "/home/eligran12/anaconda3/envs/Ingenieria/lib/python3.11/site-packages/nbclient/client.py", line 1058, in async_execute_cell
    await self._check_raise_for_error(cell, cell_index, exec_reply)
  File "/home/eligran12/anaconda3/envs/Ingenieria/lib/python3.11/site-packages/nbclient/client.py", line 914, in _check_raise_for_error
    raise CellExecutionError.from_cell_and_msg(cell, exec_reply_content)
nbclient.exceptions.CellExecutionError: An error occurred while executing the following cell:
------------------
u1 = np.array([np.deg2rad(45), 0])
u2 = np.array([np.deg2rad(140 * np.sqrt(2)), 0])
time, theta1, theta2 = rk4(0, 10, 10000, u1, u2)
plt.plot(theta1[:, 0],theta1[:, 1])
plt.grid("---")
plt.title("Double Pendulum Theta1"); plt.xlabel("Theta_1 values"); plt.ylabel("Theta_1 derivate values")
plt.show()
------------------


[0;31m---------------------------------------------------------------------------[0m
[0;31mKeyboardInterrupt[0m                         Traceback (most recent call last)
Cell [0;32mIn[4], line 3[0m
[1;32m      1[0m u1 [38;5;241m=[39m np[38;5;241m.[39marray([np[38;5;241m.[39mdeg2rad([38;5;241m45[39m), [38;5;241m0[39m])
[1;32m      2[0m u2 [38;5;241m=[39m np[38;5;241m.[39marray([np[38;5;241m.[39mdeg2rad([38;5;241m140[39m [38;5;241m*[39m np[38;5;241m.[39msqrt([38;5;241m2[39m)), [38;5;241m0[39m])
[0;32m----> 3[0m time, theta1, theta2 [38;5;241m=[39m [43mrk4[49m[43m([49m[38;5;241;43m0[39;49m[43m,[49m[43m [49m[38;5;241;43m10[39;49m[43m,[49m[43m [49m[38;5;241;43m10000[39;49m[43m,[49m[43m [49m[43mu1[49m[43m,[49m[43m [49m[43mu2[49m[43m)[49m
[1;32m      4[0m plt[38;5;241m.[39mplot(theta1[:, [38;5;241m0[39m],theta1[:, [38;5;241m1[39m])
[1;32m      5[0m plt[38;5;241m.[39mgrid([38;5;124m"[39m[38;5;124m---[39m[38;5;124m"[39m)

Cell [0;32mIn[2], line 70[0m, in [0;36mrk4[0;34m(initial_time, end_time, steps, initial_conditions1, initial_conditions2)[0m
[1;32m     68[0m     k4y [38;5;241m=[39m delta_time [38;5;241m*[39m array_theta_2
[1;32m     69[0m     theta_1[38;5;241m.[39mappend(theta_1[i] [38;5;241m+[39m ([38;5;241m1[39m [38;5;241m/[39m [38;5;241m6[39m) [38;5;241m*[39m (k1x [38;5;241m+[39m [38;5;241m2[39m [38;5;241m*[39m (k2x [38;5;241m+[39m k3x) [38;5;241m+[39m k4x))
[0;32m---> 70[0m     theta_2[38;5;241m.[39mappend(theta_2[i] [38;5;241m+[39m ([38;5;241m1[39m [38;5;241m/[39m [38;5;241m6[39m) [38;5;241m*[39m (k1y [38;5;241m+[39m [38;5;241m2[39m [38;5;241m*[39m (k2y [38;5;241m+[39m k3y) [38;5;241m+[39m k4y))
[1;32m     72[0m theta_1 [38;5;241m=[39m np[38;5;241m.[39marray(theta_1)
[1;32m     73[0m theta_2 [38;5;241m=[39m np[38;5;241m.[39marray(theta_2)

[0;31mKeyboardInterrupt[0m: 

